<?xml version="1.0" encoding="UTF-8"?>
<!-- Generated by org.testng.reporters.JUnitReportReporter -->
<testsuite hostname="VDUNGA-L-1501" failures="0" tests="1" name="Test.Sample.AppTest" time="0.030" errors="0" timestamp="31 May 2019 15:51:03 GMT" skipped="0">
  <testcase classname="Test.Sample.AppTest" name="atest" time="0.030"/>
</testsuite> <!-- Test.Sample.AppTest -->
