<?xml version="1.0" encoding="UTF-8"?>
<!-- Generated by org.testng.reporters.JUnitReportReporter -->
<testsuite hostname="VDUNGA-L-1501" failures="0" tests="1" name="Testcases.Loginapplication" time="17.534" errors="0" timestamp="03 Jun 2019 10:14:55 GMT" skipped="0">
  <testcase classname="Testcases.Loginapplication" name="Login" time="17.534"/>
</testsuite> <!-- Testcases.Loginapplication -->
