<?xml version="1.0" encoding="UTF-8"?>
<!-- Generated by org.testng.reporters.JUnitReportReporter -->
<testsuite hostname="VDUNGA-L-1501" failures="0" tests="1" name="Test.Sample.AppTest" time="0.016" errors="0" timestamp="03 Jun 2019 08:33:58 GMT" skipped="0">
  <testcase classname="Test.Sample.AppTest" name="atest" time="0.016"/>
</testsuite> <!-- Test.Sample.AppTest -->
